
EQ_2_0_0
Computing data
Saving parameters
Saving R
Saving Z
Saving lambda
Saving Jacobian
Saving |B|
Saving B^theta
Saving B^zeta
Saving B_psi
Saving B_theta
Saving B_zeta
Saving J^theta*sqrt(g)
Saving J^zeta*sqrt(g)

EQ_2_1_0
Computing data
Saving parameters
Saving R
Saving Z
Saving lambda
Saving Jacobian
Saving |B|
Saving B^theta
Saving B^zeta
Saving B_psi
Saving B_theta
Saving B_zeta
Saving J^theta*sqrt(g)
Saving J^zeta*sqrt(g)

EQ_2_1_1
Computing data
Saving parameters
Saving R
Saving Z
Saving lambda
Saving Jacobian
Saving |B|
Saving B^theta
Saving B^zeta
Saving B_psi
Saving B_theta
Saving B_zeta
Saving J^theta*sqrt(g)
Saving J^zeta*sqrt(g)

EQ_2_2_0
Computing data
Saving parameters
Saving R
Saving Z
Saving lambda
Saving Jacobian
Saving |B|
Saving B^theta
Saving B^zeta
Saving B_psi
Saving B_theta
Saving B_zeta
Saving J^theta*sqrt(g)
Saving J^zeta*sqrt(g)

EQ_2_2_1
Computing data
Saving parameters
Saving R
Saving Z
Saving lambda
Saving Jacobian
Saving |B|
Saving B^theta
Saving B^zeta
Saving B_psi
Saving B_theta
Saving B_zeta
Saving J^theta*sqrt(g)
Saving J^zeta*sqrt(g)

EQ_2_2_2
Computing data
Saving parameters
Saving R
Saving Z
Saving lambda
Saving Jacobian
Saving |B|
Saving B^theta
Saving B^zeta
Saving B_psi
Saving B_theta
Saving B_zeta
Saving J^theta*sqrt(g)
Saving J^zeta*sqrt(g)

EQ_2_3_0
Computing data
Saving parameters
Saving R
Saving Z
Saving lambda
Saving Jacobian
Saving |B|
Saving B^theta
Saving B^zeta
Saving B_psi
Saving B_theta
Saving B_zeta
Saving J^theta*sqrt(g)
Saving J^zeta*sqrt(g)

EQ_2_3_1
Computing data
Saving parameters
Saving R
Saving Z
Saving lambda
Saving Jacobian
Saving |B|
Saving B^theta
Saving B^zeta
Saving B_psi
Saving B_theta
Saving B_zeta
Saving J^theta*sqrt(g)
Saving J^zeta*sqrt(g)

EQ_2_3_2
Computing data
Saving parameters
Saving R
Saving Z
Saving lambda
Saving Jacobian
Saving |B|
Saving B^theta
Saving B^zeta
Saving B_psi
Saving B_theta
Saving B_zeta
Saving J^theta*sqrt(g)
Saving J^zeta*sqrt(g)

EQ_2_3_3
Computing data
Saving parameters
Saving R
Saving Z
Saving lambda
Saving Jacobian
Saving |B|
Saving B^theta
Saving B^zeta
Saving B_psi
Saving B_theta
Saving B_zeta
Saving J^theta*sqrt(g)
Saving J^zeta*sqrt(g)

EQ_2_4_0
Computing data
Saving parameters
Saving R
Saving Z
Saving lambda
Saving Jacobian
Saving |B|
Saving B^theta
Saving B^zeta
Saving B_psi
Saving B_theta
Saving B_zeta
Saving J^theta*sqrt(g)
Saving J^zeta*sqrt(g)

EQ_2_4_1
Computing data
Saving parameters
Saving R
Saving Z
Saving lambda
Saving Jacobian
Saving |B|
Saving B^theta
Saving B^zeta
Saving B_psi
Saving B_theta
Saving B_zeta
Saving J^theta*sqrt(g)
Saving J^zeta*sqrt(g)

EQ_2_4_2
Computing data
Saving parameters
Saving R
Saving Z
Saving lambda
Saving Jacobian
Saving |B|
Saving B^theta
Saving B^zeta
Saving B_psi
Saving B_theta
Saving B_zeta
Saving J^theta*sqrt(g)
Saving J^zeta*sqrt(g)

EQ_2_4_3
Computing data
Saving parameters
Saving R
Saving Z
Saving lambda
Saving Jacobian
Saving |B|
Saving B^theta
Saving B^zeta
Saving B_psi
Saving B_theta
Saving B_zeta
Saving J^theta*sqrt(g)
Saving J^zeta*sqrt(g)

EQ_2_4_4
Computing data
Saving parameters
Saving R
Saving Z
Saving lambda
Saving Jacobian
Saving |B|
Saving B^theta
Saving B^zeta
Saving B_psi
Saving B_theta
Saving B_zeta
Saving J^theta*sqrt(g)
Saving J^zeta*sqrt(g)

EQ_2_5_0
Computing data
Saving parameters
Saving R
Saving Z
Saving lambda
Saving Jacobian
Saving |B|
Saving B^theta
Saving B^zeta
Saving B_psi
Saving B_theta
Saving B_zeta
Saving J^theta*sqrt(g)
Saving J^zeta*sqrt(g)

EQ_2_5_1
Computing data
Saving parameters
Saving R
Saving Z
Saving lambda
Saving Jacobian
Saving |B|
Saving B^theta
Saving B^zeta
Saving B_psi
Saving B_theta
Saving B_zeta
Saving J^theta*sqrt(g)
Saving J^zeta*sqrt(g)

EQ_2_5_2
Computing data
Saving parameters
Saving R
Saving Z
Saving lambda
Saving Jacobian
Saving |B|
Saving B^theta
Saving B^zeta
Saving B_psi
Saving B_theta
Saving B_zeta
Saving J^theta*sqrt(g)
Saving J^zeta*sqrt(g)

EQ_2_5_3
Computing data
Saving parameters
Saving R
Saving Z
Saving lambda
Saving Jacobian
Saving |B|
Saving B^theta
Saving B^zeta
Saving B_psi
Saving B_theta
Saving B_zeta
Saving J^theta*sqrt(g)
Saving J^zeta*sqrt(g)

EQ_2_5_4
Computing data
Saving parameters
Saving R
Saving Z
Saving lambda
Saving Jacobian
Saving |B|
Saving B^theta
Saving B^zeta
Saving B_psi
Saving B_theta
Saving B_zeta
Saving J^theta*sqrt(g)
Saving J^zeta*sqrt(g)

EQ_2_5_5
Computing data
Saving parameters
Saving R
Saving Z
Saving lambda
Saving Jacobian
Saving |B|
Saving B^theta
Saving B^zeta
Saving B_psi
Saving B_theta
Saving B_zeta
Saving J^theta*sqrt(g)
Saving J^zeta*sqrt(g)

EQ_2_6_0
Computing data
Saving parameters
Saving R
Saving Z
Saving lambda
Saving Jacobian
Saving |B|
Saving B^theta
Saving B^zeta
Saving B_psi
Saving B_theta
Saving B_zeta
Saving J^theta*sqrt(g)
Saving J^zeta*sqrt(g)

EQ_2_6_1
Computing data
Saving parameters
Saving R
Saving Z
Saving lambda
Saving Jacobian
Saving |B|
Saving B^theta
Saving B^zeta
Saving B_psi
Saving B_theta
Saving B_zeta
Saving J^theta*sqrt(g)
Saving J^zeta*sqrt(g)

EQ_2_6_2
Computing data
Saving parameters
Saving R
Saving Z
Saving lambda
Saving Jacobian
Saving |B|
Saving B^theta
Saving B^zeta
Saving B_psi
Saving B_theta
Saving B_zeta
Saving J^theta*sqrt(g)
Saving J^zeta*sqrt(g)

EQ_2_6_3
Computing data
Saving parameters
Saving R
Saving Z
Saving lambda
Saving Jacobian
Saving |B|
Saving B^theta
Saving B^zeta
Saving B_psi
Saving B_theta
Saving B_zeta
Saving J^theta*sqrt(g)
Saving J^zeta*sqrt(g)

EQ_2_6_4
Computing data
Saving parameters
Saving R
Saving Z
Saving lambda
Saving Jacobian
Saving |B|
Saving B^theta
Saving B^zeta
Saving B_psi
Saving B_theta
Saving B_zeta
Saving J^theta*sqrt(g)
Saving J^zeta*sqrt(g)

EQ_2_6_5
Computing data
Saving parameters
Saving R
Saving Z
Saving lambda
Saving Jacobian
Saving |B|
Saving B^theta
Saving B^zeta
Saving B_psi
Saving B_theta
Saving B_zeta
Saving J^theta*sqrt(g)
Saving J^zeta*sqrt(g)

EQ_2_6_6
Computing data
Saving parameters
Saving R
Saving Z
Saving lambda
Saving Jacobian
Saving |B|
Saving B^theta
Saving B^zeta
Saving B_psi
Saving B_theta
Saving B_zeta
Saving J^theta*sqrt(g)
Saving J^zeta*sqrt(g)

EQ_2_7_0
Computing data
Saving parameters
Saving R
Saving Z
Saving lambda
Saving Jacobian
Saving |B|
Saving B^theta
Saving B^zeta
Saving B_psi
Saving B_theta
Saving B_zeta
Saving J^theta*sqrt(g)
Saving J^zeta*sqrt(g)

EQ_2_7_1
Computing data
Saving parameters
Saving R
Saving Z
Saving lambda
Saving Jacobian
Saving |B|
Saving B^theta
Saving B^zeta
Saving B_psi
Saving B_theta
Saving B_zeta
Saving J^theta*sqrt(g)
Saving J^zeta*sqrt(g)

EQ_2_7_2
Computing data
Saving parameters
Saving R
Saving Z
Saving lambda
Saving Jacobian
Saving |B|
Saving B^theta
Saving B^zeta
Saving B_psi
Saving B_theta
Saving B_zeta
Saving J^theta*sqrt(g)
Saving J^zeta*sqrt(g)

EQ_2_7_3
Computing data
Saving parameters
Saving R
Saving Z
Saving lambda
Saving Jacobian
Saving |B|
Saving B^theta
Saving B^zeta
Saving B_psi
Saving B_theta
Saving B_zeta
Saving J^theta*sqrt(g)
Saving J^zeta*sqrt(g)

EQ_2_7_4
Computing data
Saving parameters
Saving R
Saving Z
Saving lambda
Saving Jacobian
Saving |B|
Saving B^theta
Saving B^zeta
Saving B_psi
Saving B_theta
Saving B_zeta
Saving J^theta*sqrt(g)
Saving J^zeta*sqrt(g)

EQ_2_7_5
Computing data
Saving parameters
Saving R
Saving Z
Saving lambda
Saving Jacobian
Saving |B|
Saving B^theta
Saving B^zeta
Saving B_psi
Saving B_theta
Saving B_zeta
Saving J^theta*sqrt(g)
Saving J^zeta*sqrt(g)

EQ_2_7_6
Computing data
Saving parameters
Saving R
Saving Z
Saving lambda
Saving Jacobian
Saving |B|
Saving B^theta
Saving B^zeta
Saving B_psi
Saving B_theta
Saving B_zeta
Saving J^theta*sqrt(g)
Saving J^zeta*sqrt(g)

EQ_2_7_7
Computing data
Saving parameters
Saving R
Saving Z
Saving lambda
Saving Jacobian
Saving |B|
Saving B^theta
Saving B^zeta
Saving B_psi
Saving B_theta
Saving B_zeta
Saving J^theta*sqrt(g)
Saving J^zeta*sqrt(g)

EQ_2_8_0
Computing data
Saving parameters
Saving R
Saving Z
Saving lambda
Saving Jacobian
Saving |B|
Saving B^theta
Saving B^zeta
Saving B_psi
Saving B_theta
Saving B_zeta
Saving J^theta*sqrt(g)
Saving J^zeta*sqrt(g)

EQ_2_8_1
Computing data
Saving parameters
Saving R
Saving Z
Saving lambda
Saving Jacobian
Saving |B|
Saving B^theta
Saving B^zeta
Saving B_psi
Saving B_theta
Saving B_zeta
Saving J^theta*sqrt(g)
Saving J^zeta*sqrt(g)

EQ_2_8_2
Computing data
Saving parameters
Saving R
Saving Z
Saving lambda
Saving Jacobian
Saving |B|
Saving B^theta
Saving B^zeta
Saving B_psi
Saving B_theta
Saving B_zeta
Saving J^theta*sqrt(g)
Saving J^zeta*sqrt(g)

EQ_2_8_3
Computing data
Saving parameters
Saving R
Saving Z
Saving lambda
Saving Jacobian
Saving |B|
Saving B^theta
Saving B^zeta
Saving B_psi
Saving B_theta
Saving B_zeta
Saving J^theta*sqrt(g)
Saving J^zeta*sqrt(g)

EQ_2_8_4
Computing data
Saving parameters
Saving R
Saving Z
Saving lambda
Saving Jacobian
Saving |B|
Saving B^theta
Saving B^zeta
Saving B_psi
Saving B_theta
Saving B_zeta
Saving J^theta*sqrt(g)
Saving J^zeta*sqrt(g)

EQ_2_8_5
Computing data
Saving parameters
Saving R
Saving Z
Saving lambda
Saving Jacobian
Saving |B|
Saving B^theta
Saving B^zeta
Saving B_psi
Saving B_theta
Saving B_zeta
Saving J^theta*sqrt(g)
Saving J^zeta*sqrt(g)

EQ_2_8_6
Computing data
Saving parameters
Saving R
Saving Z
Saving lambda
Saving Jacobian
Saving |B|
Saving B^theta
Saving B^zeta
Saving B_psi
Saving B_theta
Saving B_zeta
Saving J^theta*sqrt(g)
Saving J^zeta*sqrt(g)

EQ_2_8_7
Computing data
Saving parameters
Saving R
Saving Z
Saving lambda
Saving Jacobian
Saving |B|
Saving B^theta
Saving B^zeta
Saving B_psi
Saving B_theta
Saving B_zeta
Saving J^theta*sqrt(g)
Saving J^zeta*sqrt(g)

EQ_2_8_8
Computing data
Saving parameters
Saving R
Saving Z
Saving lambda
Saving Jacobian
Saving |B|
Saving B^theta
Saving B^zeta
Saving B_psi
Saving B_theta
Saving B_zeta
Saving J^theta*sqrt(g)
Saving J^zeta*sqrt(g)

EQ_2_9_0
Computing data
Saving parameters
Saving R
Saving Z
Saving lambda
Saving Jacobian
Saving |B|
Saving B^theta
Saving B^zeta
Saving B_psi
Saving B_theta
Saving B_zeta
Saving J^theta*sqrt(g)
Saving J^zeta*sqrt(g)

EQ_2_9_1
Computing data
Saving parameters
Saving R
Saving Z
Saving lambda
Saving Jacobian
Saving |B|
Saving B^theta
Saving B^zeta
Saving B_psi
Saving B_theta
Saving B_zeta
Saving J^theta*sqrt(g)
Saving J^zeta*sqrt(g)

EQ_2_9_2
Computing data
Saving parameters
Saving R
Saving Z
Saving lambda
Saving Jacobian
Saving |B|
Saving B^theta
Saving B^zeta
Saving B_psi
Saving B_theta
Saving B_zeta
Saving J^theta*sqrt(g)
Saving J^zeta*sqrt(g)

EQ_2_9_3
Computing data
Saving parameters
Saving R
Saving Z
Saving lambda
Saving Jacobian
Saving |B|
Saving B^theta
Saving B^zeta
Saving B_psi
Saving B_theta
Saving B_zeta
Saving J^theta*sqrt(g)
Saving J^zeta*sqrt(g)

EQ_2_9_4
Computing data
Saving parameters
Saving R
Saving Z
Saving lambda
Saving Jacobian
Saving |B|
Saving B^theta
Saving B^zeta
Saving B_psi
Saving B_theta
Saving B_zeta
Saving J^theta*sqrt(g)
Saving J^zeta*sqrt(g)

EQ_2_9_5
Computing data
Saving parameters
Saving R
Saving Z
Saving lambda
Saving Jacobian
Saving |B|
Saving B^theta
Saving B^zeta
Saving B_psi
Saving B_theta
Saving B_zeta
Saving J^theta*sqrt(g)
Saving J^zeta*sqrt(g)

EQ_2_9_6
Computing data
Saving parameters
Saving R
Saving Z
Saving lambda
Saving Jacobian
Saving |B|
Saving B^theta
Saving B^zeta
Saving B_psi
Saving B_theta
Saving B_zeta
Saving J^theta*sqrt(g)
Saving J^zeta*sqrt(g)

EQ_2_9_7
Computing data
Saving parameters
Saving R
Saving Z
Saving lambda
Saving Jacobian
Saving |B|
Saving B^theta
Saving B^zeta
Saving B_psi
Saving B_theta
Saving B_zeta
Saving J^theta*sqrt(g)
Saving J^zeta*sqrt(g)

EQ_2_9_8
Computing data
Saving parameters
Saving R
Saving Z
Saving lambda
Saving Jacobian
Saving |B|
Saving B^theta
Saving B^zeta
Saving B_psi
Saving B_theta
Saving B_zeta
Saving J^theta*sqrt(g)
Saving J^zeta*sqrt(g)

EQ_2_9_9
Computing data
Saving parameters
Saving R
Saving Z
Saving lambda
Saving Jacobian
Saving |B|
Saving B^theta
Saving B^zeta
Saving B_psi
Saving B_theta
Saving B_zeta
Saving J^theta*sqrt(g)
Saving J^zeta*sqrt(g)

EQ_2_10_0
Computing data
Saving parameters
Saving R
Saving Z
Saving lambda
Saving Jacobian
Saving |B|
Saving B^theta
Saving B^zeta
Saving B_psi
Saving B_theta
Saving B_zeta
Saving J^theta*sqrt(g)
Saving J^zeta*sqrt(g)

EQ_2_10_1
Computing data
Saving parameters
Saving R
Saving Z
Saving lambda
Saving Jacobian
Saving |B|
Saving B^theta
Saving B^zeta
Saving B_psi
Saving B_theta
Saving B_zeta
Saving J^theta*sqrt(g)
Saving J^zeta*sqrt(g)

EQ_2_10_2
Computing data
Saving parameters
Saving R
Saving Z
Saving lambda
Saving Jacobian
Saving |B|
Saving B^theta
Saving B^zeta
Saving B_psi
Saving B_theta
Saving B_zeta
Saving J^theta*sqrt(g)
Saving J^zeta*sqrt(g)

EQ_2_10_3
Computing data
Saving parameters
Saving R
Saving Z
Saving lambda
Saving Jacobian
Saving |B|
Saving B^theta
Saving B^zeta
Saving B_psi
Saving B_theta
Saving B_zeta
Saving J^theta*sqrt(g)
Saving J^zeta*sqrt(g)

EQ_2_10_4
Computing data
Saving parameters
Saving R
Saving Z
Saving lambda
Saving Jacobian
Saving |B|
Saving B^theta
Saving B^zeta
Saving B_psi
Saving B_theta
Saving B_zeta
Saving J^theta*sqrt(g)
Saving J^zeta*sqrt(g)

EQ_2_10_5
Computing data
Saving parameters
Saving R
Saving Z
Saving lambda
Saving Jacobian
Saving |B|
Saving B^theta
Saving B^zeta
Saving B_psi
Saving B_theta
Saving B_zeta
Saving J^theta*sqrt(g)
Saving J^zeta*sqrt(g)

EQ_2_10_6
Computing data
Saving parameters
Saving R
Saving Z
Saving lambda
Saving Jacobian
Saving |B|
Saving B^theta
Saving B^zeta
Saving B_psi
Saving B_theta
Saving B_zeta
Saving J^theta*sqrt(g)
Saving J^zeta*sqrt(g)

EQ_2_10_7
Computing data
Saving parameters
Saving R
Saving Z
Saving lambda
Saving Jacobian
Saving |B|
Saving B^theta
Saving B^zeta
Saving B_psi
Saving B_theta
Saving B_zeta
Saving J^theta*sqrt(g)
Saving J^zeta*sqrt(g)

EQ_2_10_8
Computing data
Saving parameters
Saving R
Saving Z
Saving lambda
Saving Jacobian
Saving |B|
Saving B^theta
Saving B^zeta
Saving B_psi
Saving B_theta
Saving B_zeta
Saving J^theta*sqrt(g)
Saving J^zeta*sqrt(g)

EQ_2_10_9
Computing data
Saving parameters
Saving R
Saving Z
Saving lambda
Saving Jacobian
Saving |B|
Saving B^theta
Saving B^zeta
Saving B_psi
Saving B_theta
Saving B_zeta
Saving J^theta*sqrt(g)
Saving J^zeta*sqrt(g)

EQ_2_10_10
Computing data
Saving parameters
Saving R
Saving Z
Saving lambda
Saving Jacobian
Saving |B|
Saving B^theta
Saving B^zeta
Saving B_psi
Saving B_theta
Saving B_zeta
Saving J^theta*sqrt(g)
Saving J^zeta*sqrt(g)

EQ_2_11_0
Computing data
Saving parameters
Saving R
Saving Z
Saving lambda
Saving Jacobian
Saving |B|
Saving B^theta
Saving B^zeta
Saving B_psi
Saving B_theta
Saving B_zeta
Saving J^theta*sqrt(g)
Saving J^zeta*sqrt(g)

EQ_2_11_1
Computing data
Saving parameters
Saving R
Saving Z
Saving lambda
Saving Jacobian
Saving |B|
Saving B^theta
Saving B^zeta
Saving B_psi
Saving B_theta
Saving B_zeta
Saving J^theta*sqrt(g)
Saving J^zeta*sqrt(g)

EQ_2_11_2
Computing data
Saving parameters
Saving R
Saving Z
Saving lambda
Saving Jacobian
Saving |B|
Saving B^theta
Saving B^zeta
Saving B_psi
Saving B_theta
Saving B_zeta
Saving J^theta*sqrt(g)
Saving J^zeta*sqrt(g)

EQ_2_11_3
Computing data
Saving parameters
Saving R
Saving Z
Saving lambda
Saving Jacobian
Saving |B|
Saving B^theta
Saving B^zeta
Saving B_psi
Saving B_theta
Saving B_zeta
Saving J^theta*sqrt(g)
Saving J^zeta*sqrt(g)

EQ_2_11_4
Computing data
Saving parameters
Saving R
Saving Z
Saving lambda
Saving Jacobian
Saving |B|
Saving B^theta
Saving B^zeta
Saving B_psi
Saving B_theta
Saving B_zeta
Saving J^theta*sqrt(g)
Saving J^zeta*sqrt(g)

EQ_2_11_5
Computing data
Saving parameters
Saving R
Saving Z
Saving lambda
Saving Jacobian
Saving |B|
Saving B^theta
Saving B^zeta
Saving B_psi
Saving B_theta
Saving B_zeta
Saving J^theta*sqrt(g)
Saving J^zeta*sqrt(g)

EQ_2_11_6
Computing data
Saving parameters
Saving R
Saving Z
Saving lambda
Saving Jacobian
Saving |B|
Saving B^theta
Saving B^zeta
Saving B_psi
Saving B_theta
Saving B_zeta
Saving J^theta*sqrt(g)
Saving J^zeta*sqrt(g)

EQ_2_11_7
Computing data
Saving parameters
Saving R
Saving Z
Saving lambda
Saving Jacobian
Saving |B|
Saving B^theta
Saving B^zeta
Saving B_psi
Saving B_theta
Saving B_zeta
Saving J^theta*sqrt(g)
Saving J^zeta*sqrt(g)

EQ_2_11_8
Computing data
Saving parameters
Saving R
Saving Z
Saving lambda
Saving Jacobian
Saving |B|
Saving B^theta
Saving B^zeta
Saving B_psi
Saving B_theta
Saving B_zeta
Saving J^theta*sqrt(g)
Saving J^zeta*sqrt(g)

EQ_2_11_9
Computing data
Saving parameters
Saving R
Saving Z
Saving lambda
Saving Jacobian
Saving |B|
Saving B^theta
Saving B^zeta
Saving B_psi
Saving B_theta
Saving B_zeta
Saving J^theta*sqrt(g)
Saving J^zeta*sqrt(g)

EQ_2_11_10
Computing data
Saving parameters
Saving R
Saving Z
Saving lambda
Saving Jacobian
Saving |B|
Saving B^theta
Saving B^zeta
Saving B_psi
Saving B_theta
Saving B_zeta
Saving J^theta*sqrt(g)
Saving J^zeta*sqrt(g)

EQ_2_11_11
Computing data
Saving parameters
Saving R
Saving Z
Saving lambda
Saving Jacobian
Saving |B|
Saving B^theta
Saving B^zeta
Saving B_psi
Saving B_theta
Saving B_zeta
Saving J^theta*sqrt(g)
Saving J^zeta*sqrt(g)

EQ_2_12_0
Computing data
Saving parameters
Saving R
Saving Z
Saving lambda
Saving Jacobian
Saving |B|
Saving B^theta
Saving B^zeta
Saving B_psi
Saving B_theta
Saving B_zeta
Saving J^theta*sqrt(g)
Saving J^zeta*sqrt(g)

EQ_2_12_1
Computing data
Saving parameters
Saving R
Saving Z
Saving lambda
Saving Jacobian
Saving |B|
Saving B^theta
Saving B^zeta
Saving B_psi
Saving B_theta
Saving B_zeta
Saving J^theta*sqrt(g)
Saving J^zeta*sqrt(g)

EQ_2_12_2
Computing data
Saving parameters
Saving R
Saving Z
Saving lambda
Saving Jacobian
Saving |B|
Saving B^theta
Saving B^zeta
Saving B_psi
Saving B_theta
Saving B_zeta
Saving J^theta*sqrt(g)
Saving J^zeta*sqrt(g)

EQ_2_12_3
Computing data
Saving parameters
Saving R
Saving Z
Saving lambda
Saving Jacobian
Saving |B|
Saving B^theta
Saving B^zeta
Saving B_psi
Saving B_theta
Saving B_zeta
Saving J^theta*sqrt(g)
Saving J^zeta*sqrt(g)

EQ_2_12_4
Computing data
Saving parameters
Saving R
Saving Z
Saving lambda
Saving Jacobian
Saving |B|
Saving B^theta
Saving B^zeta
Saving B_psi
Saving B_theta
Saving B_zeta
Saving J^theta*sqrt(g)
Saving J^zeta*sqrt(g)

EQ_2_12_5
Computing data
Saving parameters
Saving R
Saving Z
Saving lambda
Saving Jacobian
Saving |B|
Saving B^theta
Saving B^zeta
Saving B_psi
Saving B_theta
Saving B_zeta
Saving J^theta*sqrt(g)
Saving J^zeta*sqrt(g)

EQ_2_12_6
Computing data
Saving parameters
Saving R
Saving Z
Saving lambda
Saving Jacobian
Saving |B|
Saving B^theta
Saving B^zeta
Saving B_psi
Saving B_theta
Saving B_zeta
Saving J^theta*sqrt(g)
Saving J^zeta*sqrt(g)

EQ_2_12_7
Computing data
Saving parameters
Saving R
Saving Z
Saving lambda
Saving Jacobian
Saving |B|
Saving B^theta
Saving B^zeta
Saving B_psi
Saving B_theta
Saving B_zeta
Saving J^theta*sqrt(g)
Saving J^zeta*sqrt(g)

EQ_2_12_8
Computing data
Saving parameters
Saving R
Saving Z
Saving lambda
Saving Jacobian
Saving |B|
Saving B^theta
Saving B^zeta
Saving B_psi
Saving B_theta
Saving B_zeta
Saving J^theta*sqrt(g)
Saving J^zeta*sqrt(g)

EQ_2_12_9
Computing data
Saving parameters
Saving R
Saving Z
Saving lambda
Saving Jacobian
Saving |B|
Saving B^theta
Saving B^zeta
Saving B_psi
Saving B_theta
Saving B_zeta
Saving J^theta*sqrt(g)
Saving J^zeta*sqrt(g)

EQ_2_12_10
Computing data
Saving parameters
Saving R
Saving Z
Saving lambda
Saving Jacobian
Saving |B|
Saving B^theta
Saving B^zeta
Saving B_psi
Saving B_theta
Saving B_zeta
Saving J^theta*sqrt(g)
Saving J^zeta*sqrt(g)

EQ_2_12_11
Computing data
Saving parameters
Saving R
Saving Z
Saving lambda
Saving Jacobian
Saving |B|
Saving B^theta
Saving B^zeta
Saving B_psi
Saving B_theta
Saving B_zeta
Saving J^theta*sqrt(g)
Saving J^zeta*sqrt(g)

EQ_2_12_12
Computing data
Saving parameters
Saving R
Saving Z
Saving lambda
Saving Jacobian
Saving |B|
Saving B^theta
Saving B^zeta
Saving B_psi
Saving B_theta
Saving B_zeta
Saving J^theta*sqrt(g)
Saving J^zeta*sqrt(g)

EQ_2_13_0
Computing data
Saving parameters
Saving R
Saving Z
Saving lambda
Saving Jacobian
Saving |B|
Saving B^theta
Saving B^zeta
Saving B_psi
Saving B_theta
Saving B_zeta
Saving J^theta*sqrt(g)
Saving J^zeta*sqrt(g)

EQ_2_13_1
Computing data
Saving parameters
Saving R
Saving Z
Saving lambda
Saving Jacobian
Saving |B|
Saving B^theta
Saving B^zeta
Saving B_psi
Saving B_theta
Saving B_zeta
Saving J^theta*sqrt(g)
Saving J^zeta*sqrt(g)

EQ_2_13_2
Computing data
Saving parameters
Saving R
Saving Z
Saving lambda
Saving Jacobian
Saving |B|
Saving B^theta
Saving B^zeta
Saving B_psi
Saving B_theta
Saving B_zeta
Saving J^theta*sqrt(g)
Saving J^zeta*sqrt(g)

EQ_2_13_3
Computing data
Saving parameters
Saving R
Saving Z
Saving lambda
Saving Jacobian
Saving |B|
Saving B^theta
Saving B^zeta
Saving B_psi
Saving B_theta
Saving B_zeta
Saving J^theta*sqrt(g)
Saving J^zeta*sqrt(g)

EQ_2_13_4
Computing data
Saving parameters
Saving R
Saving Z
Saving lambda
Saving Jacobian
Saving |B|
Saving B^theta
Saving B^zeta
Saving B_psi
Saving B_theta
Saving B_zeta
Saving J^theta*sqrt(g)
Saving J^zeta*sqrt(g)

EQ_2_13_5
Computing data
Saving parameters
Saving R
Saving Z
Saving lambda
Saving Jacobian
Saving |B|
Saving B^theta
Saving B^zeta
Saving B_psi
Saving B_theta
Saving B_zeta
Saving J^theta*sqrt(g)
Saving J^zeta*sqrt(g)

EQ_2_13_6
Computing data
Saving parameters
Saving R
Saving Z
Saving lambda
Saving Jacobian
Saving |B|
Saving B^theta
Saving B^zeta
Saving B_psi
Saving B_theta
Saving B_zeta
Saving J^theta*sqrt(g)
Saving J^zeta*sqrt(g)

EQ_2_13_7
Computing data
Saving parameters
Saving R
Saving Z
Saving lambda
Saving Jacobian
Saving |B|
Saving B^theta
Saving B^zeta
Saving B_psi
Saving B_theta
Saving B_zeta
Saving J^theta*sqrt(g)
Saving J^zeta*sqrt(g)

EQ_2_13_8
Computing data
Saving parameters
Saving R
Saving Z
Saving lambda
Saving Jacobian
Saving |B|
Saving B^theta
Saving B^zeta
Saving B_psi
Saving B_theta
Saving B_zeta
Saving J^theta*sqrt(g)
Saving J^zeta*sqrt(g)

EQ_2_13_9
Computing data
Saving parameters
Saving R
Saving Z
Saving lambda
Saving Jacobian
Saving |B|
Saving B^theta
Saving B^zeta
Saving B_psi
Saving B_theta
Saving B_zeta
Saving J^theta*sqrt(g)
Saving J^zeta*sqrt(g)

EQ_2_13_10
Computing data
Saving parameters
Saving R
Saving Z
Saving lambda
Saving Jacobian
Saving |B|
Saving B^theta
Saving B^zeta
Saving B_psi
Saving B_theta
Saving B_zeta
Saving J^theta*sqrt(g)
Saving J^zeta*sqrt(g)

EQ_2_13_11
Computing data
Saving parameters
Saving R
Saving Z
Saving lambda
Saving Jacobian
Saving |B|
Saving B^theta
Saving B^zeta
Saving B_psi
Saving B_theta
Saving B_zeta
Saving J^theta*sqrt(g)
Saving J^zeta*sqrt(g)

EQ_2_13_12
Computing data
Saving parameters
Saving R
Saving Z
Saving lambda
Saving Jacobian
Saving |B|
Saving B^theta
Saving B^zeta
Saving B_psi
Saving B_theta
Saving B_zeta
Saving J^theta*sqrt(g)
Saving J^zeta*sqrt(g)

EQ_2_13_13
Computing data
Saving parameters
Saving R
Saving Z
Saving lambda
Saving Jacobian
Saving |B|
Saving B^theta
Saving B^zeta
Saving B_psi
Saving B_theta
Saving B_zeta
Saving J^theta*sqrt(g)
Saving J^zeta*sqrt(g)

EQ_2_14_0
Computing data
Saving parameters
Saving R
Saving Z
Saving lambda
Saving Jacobian
Saving |B|
Saving B^theta
Saving B^zeta
Saving B_psi
Saving B_theta
Saving B_zeta
Saving J^theta*sqrt(g)
Saving J^zeta*sqrt(g)

EQ_2_14_1
Computing data
Saving parameters
Saving R
Saving Z
Saving lambda
Saving Jacobian
Saving |B|
Saving B^theta
Saving B^zeta
Saving B_psi
Saving B_theta
Saving B_zeta
Saving J^theta*sqrt(g)
Saving J^zeta*sqrt(g)

EQ_2_14_2
Computing data
Saving parameters
Saving R
Saving Z
Saving lambda
Saving Jacobian
Saving |B|
Saving B^theta
Saving B^zeta
Saving B_psi
Saving B_theta
Saving B_zeta
Saving J^theta*sqrt(g)
Saving J^zeta*sqrt(g)

EQ_2_14_3
Computing data
Saving parameters
Saving R
Saving Z
Saving lambda
Saving Jacobian
Saving |B|
Saving B^theta
Saving B^zeta
Saving B_psi
Saving B_theta
Saving B_zeta
Saving J^theta*sqrt(g)
Saving J^zeta*sqrt(g)

EQ_2_14_4
Computing data
Saving parameters
Saving R
Saving Z
Saving lambda
Saving Jacobian
Saving |B|
Saving B^theta
Saving B^zeta
Saving B_psi
Saving B_theta
Saving B_zeta
Saving J^theta*sqrt(g)
Saving J^zeta*sqrt(g)

EQ_2_14_5
Computing data
Saving parameters
Saving R
Saving Z
Saving lambda
Saving Jacobian
Saving |B|
Saving B^theta
Saving B^zeta
Saving B_psi
Saving B_theta
Saving B_zeta
Saving J^theta*sqrt(g)
Saving J^zeta*sqrt(g)

EQ_2_14_6
Computing data
Saving parameters
Saving R
Saving Z
Saving lambda
Saving Jacobian
Saving |B|
Saving B^theta
Saving B^zeta
Saving B_psi
Saving B_theta
Saving B_zeta
Saving J^theta*sqrt(g)
Saving J^zeta*sqrt(g)

EQ_2_14_7
Computing data
Saving parameters
Saving R
Saving Z
Saving lambda
Saving Jacobian
Saving |B|
Saving B^theta
Saving B^zeta
Saving B_psi
Saving B_theta
Saving B_zeta
Saving J^theta*sqrt(g)
Saving J^zeta*sqrt(g)

EQ_2_14_8
Computing data
Saving parameters
Saving R
Saving Z
Saving lambda
Saving Jacobian
Saving |B|
Saving B^theta
Saving B^zeta
Saving B_psi
Saving B_theta
Saving B_zeta
Saving J^theta*sqrt(g)
Saving J^zeta*sqrt(g)

EQ_2_14_9
Computing data
Saving parameters
Saving R
Saving Z
Saving lambda
Saving Jacobian
Saving |B|
Saving B^theta
Saving B^zeta
Saving B_psi
Saving B_theta
Saving B_zeta
Saving J^theta*sqrt(g)
Saving J^zeta*sqrt(g)

EQ_2_14_10
Computing data
Saving parameters
Saving R
Saving Z
Saving lambda
Saving Jacobian
Saving |B|
Saving B^theta
Saving B^zeta
Saving B_psi
Saving B_theta
Saving B_zeta
Saving J^theta*sqrt(g)
Saving J^zeta*sqrt(g)

EQ_2_14_11
Computing data
Saving parameters
Saving R
Saving Z
Saving lambda
Saving Jacobian
Saving |B|
Saving B^theta
Saving B^zeta
Saving B_psi
Saving B_theta
Saving B_zeta
Saving J^theta*sqrt(g)
Saving J^zeta*sqrt(g)

EQ_2_14_12
Computing data
Saving parameters
Saving R
Saving Z
Saving lambda
Saving Jacobian
Saving |B|
Saving B^theta
Saving B^zeta
Saving B_psi
Saving B_theta
Saving B_zeta
Saving J^theta*sqrt(g)
Saving J^zeta*sqrt(g)

EQ_2_14_13
Computing data
Saving parameters
Saving R
Saving Z
Saving lambda
Saving Jacobian
Saving |B|
Saving B^theta
Saving B^zeta
Saving B_psi
Saving B_theta
Saving B_zeta
Saving J^theta*sqrt(g)
Saving J^zeta*sqrt(g)

EQ_2_14_14
Computing data
Saving parameters
Saving R
Saving Z
Saving lambda
Saving Jacobian
Saving |B|
Saving B^theta
Saving B^zeta
Saving B_psi
Saving B_theta
Saving B_zeta
Saving J^theta*sqrt(g)
Saving J^zeta*sqrt(g)

EQ_2_15_0
Computing data
Saving parameters
Saving R
Saving Z
Saving lambda
Saving Jacobian
Saving |B|
Saving B^theta
Saving B^zeta
Saving B_psi
Saving B_theta
Saving B_zeta
Saving J^theta*sqrt(g)
Saving J^zeta*sqrt(g)

EQ_2_15_1
Computing data
Saving parameters
Saving R
Saving Z
Saving lambda
Saving Jacobian
Saving |B|
Saving B^theta
Saving B^zeta
Saving B_psi
Saving B_theta
Saving B_zeta
Saving J^theta*sqrt(g)
Saving J^zeta*sqrt(g)

EQ_2_15_2
Computing data
Saving parameters
Saving R
Saving Z
Saving lambda
Saving Jacobian
Saving |B|
Saving B^theta
Saving B^zeta
Saving B_psi
Saving B_theta
Saving B_zeta
Saving J^theta*sqrt(g)
Saving J^zeta*sqrt(g)

EQ_2_15_3
Computing data
Saving parameters
Saving R
Saving Z
Saving lambda
Saving Jacobian
Saving |B|
Saving B^theta
Saving B^zeta
Saving B_psi
Saving B_theta
Saving B_zeta
Saving J^theta*sqrt(g)
Saving J^zeta*sqrt(g)

EQ_2_15_4
Computing data
Saving parameters
Saving R
Saving Z
Saving lambda
Saving Jacobian
Saving |B|
Saving B^theta
Saving B^zeta
Saving B_psi
Saving B_theta
Saving B_zeta
Saving J^theta*sqrt(g)
Saving J^zeta*sqrt(g)

EQ_2_15_5
Computing data
Saving parameters
Saving R
Saving Z
Saving lambda
Saving Jacobian
Saving |B|
Saving B^theta
Saving B^zeta
Saving B_psi
Saving B_theta
Saving B_zeta
Saving J^theta*sqrt(g)
Saving J^zeta*sqrt(g)

EQ_2_15_6
Computing data
Saving parameters
Saving R
Saving Z
Saving lambda
Saving Jacobian
Saving |B|
Saving B^theta
Saving B^zeta
Saving B_psi
Saving B_theta
Saving B_zeta
Saving J^theta*sqrt(g)
Saving J^zeta*sqrt(g)

EQ_2_15_7
Computing data
Saving parameters
Saving R
Saving Z
Saving lambda
Saving Jacobian
Saving |B|
Saving B^theta
Saving B^zeta
Saving B_psi
Saving B_theta
Saving B_zeta
Saving J^theta*sqrt(g)
Saving J^zeta*sqrt(g)

EQ_2_15_8
Computing data
Saving parameters
Saving R
Saving Z
Saving lambda
Saving Jacobian
Saving |B|
Saving B^theta
Saving B^zeta
Saving B_psi
Saving B_theta
Saving B_zeta
Saving J^theta*sqrt(g)
Saving J^zeta*sqrt(g)

EQ_2_15_9
Computing data
Saving parameters
Saving R
Saving Z
Saving lambda
Saving Jacobian
Saving |B|
Saving B^theta
Saving B^zeta
Saving B_psi
Saving B_theta
Saving B_zeta
Saving J^theta*sqrt(g)
Saving J^zeta*sqrt(g)

EQ_2_15_10
Computing data
Saving parameters
Saving R
Saving Z
Saving lambda
Saving Jacobian
Saving |B|
Saving B^theta
Saving B^zeta
Saving B_psi
Saving B_theta
Saving B_zeta
Saving J^theta*sqrt(g)
Saving J^zeta*sqrt(g)

EQ_2_15_11
Computing data
Saving parameters
Saving R
Saving Z
Saving lambda
Saving Jacobian
Saving |B|
Saving B^theta
Saving B^zeta
Saving B_psi
Saving B_theta
Saving B_zeta
Saving J^theta*sqrt(g)
Saving J^zeta*sqrt(g)

EQ_2_15_12
Computing data
Saving parameters
Saving R
Saving Z
Saving lambda
Saving Jacobian
Saving |B|
Saving B^theta
Saving B^zeta
Saving B_psi
Saving B_theta
Saving B_zeta
Saving J^theta*sqrt(g)
Saving J^zeta*sqrt(g)

EQ_2_15_13
Computing data
Saving parameters
Saving R
Saving Z
Saving lambda
Saving Jacobian
Saving |B|
Saving B^theta
Saving B^zeta
Saving B_psi
Saving B_theta
Saving B_zeta
Saving J^theta*sqrt(g)
Saving J^zeta*sqrt(g)

EQ_2_15_14
Computing data
Saving parameters
Saving R
Saving Z
Saving lambda
Saving Jacobian
Saving |B|
Saving B^theta
Saving B^zeta
Saving B_psi
Saving B_theta
Saving B_zeta
Saving J^theta*sqrt(g)
Saving J^zeta*sqrt(g)

EQ_2_15_15
Computing data
Saving parameters
Saving R
Saving Z
Saving lambda
Saving Jacobian
Saving |B|
Saving B^theta
Saving B^zeta
Saving B_psi
Saving B_theta
Saving B_zeta
Saving J^theta*sqrt(g)
Saving J^zeta*sqrt(g)
Message sent: 1742116426.908979
