
EQ_4_15_13
Computing data
Saving parameters
Saving R
Saving Z
Saving lambda
Saving Jacobian
Saving |B|
Saving B^theta
Saving B^zeta
Saving B_psi
Saving B_theta
Saving B_zeta
Saving J^theta*sqrt(g)
Saving J^zeta*sqrt(g)

EQ_4_15_14
Computing data
Saving parameters
Saving R
Saving Z
Saving lambda
Saving Jacobian
Saving |B|
Saving B^theta
Saving B^zeta
Saving B_psi
Saving B_theta
Saving B_zeta
Saving J^theta*sqrt(g)
Saving J^zeta*sqrt(g)

EQ_4_15_15
Computing data
Saving parameters
Saving R
Saving Z
Saving lambda
Saving Jacobian
Saving |B|
Saving B^theta
Saving B^zeta
Saving B_psi
Saving B_theta
Saving B_zeta
Saving J^theta*sqrt(g)
Saving J^zeta*sqrt(g)
Message sent: 1742454670.479029
